<?xml version="1.0" encoding="UTF-8"?>
<!-- Generated by org.testng.reporters.JUnitXMLReporter -->
<testsuite ignored="0" hostname="LAPTOP-U0T9TNPM" failures="2" tests="2" name="Test" time="0.739" errors="0" timestamp="2021-04-01T23:23:06 EDT">
  <testcase classname="frameWorkTest.EcommerceApp" name="EcommerceAppValidation" time="0.699">
    <failure type="java.io.FileNotFoundException" message="C:\Users\nawid\Frameworks\src\main\java\global.properties (The system cannot find the file specified)">
      <![CDATA[java.io.FileNotFoundException: C:\Users\nawid\Frameworks\src\main\java\global.properties (The system cannot find the file specified)
at java.base/java.io.FileInputStream.open0(Native Method)
at java.base/java.io.FileInputStream.open(FileInputStream.java:213)
at java.base/java.io.FileInputStream.<init>(FileInputStream.java:155)
at java.base/java.io.FileInputStream.<init>(FileInputStream.java:110)
at designpattern.Frameworks.ecommerceBase.Capabilities(ecommerceBase.java:61)
at frameWorkTest.EcommerceApp.EcommerceAppValidation(EcommerceApp.java:45)
at java.base/java.util.ArrayList.forEach(ArrayList.java:1507)
... Removed 27 stack frames]]>
    </failure>
  </testcase> <!-- EcommerceAppValidation -->
  <testcase classname="frameWorkTest.EcommerceApp" name="EcommerceAppValidation" time="0.714">
    <failure type="java.lang.NullPointerException">
      <![CDATA[java.lang.NullPointerException
at designpattern.Frameworks.basei.getScreenshot(basei.java:126)
at resources.listener.onTestFailure(listener.java:32)
at java.base/java.util.ArrayList.forEach(ArrayList.java:1507)
... Removed 24 stack frames]]>
    </failure>
  </testcase> <!-- EcommerceAppValidation -->
</testsuite> <!-- Test -->
